Determining if the pthread_create exist failed with the following output:
Change Dir: /home/ros/p1_ws/src/miniproject/build/CMakeFiles/CMakeTmp

Run Build Command:"/usr/bin/make" "cmTC_236ba/fast"
/usr/bin/make -f CMakeFiles/cmTC_236ba.dir/build.make CMakeFiles/cmTC_236ba.dir/build
make[1]: Entering directory '/home/ros/p1_ws/src/miniproject/build/CMakeFiles/CMakeTmp'
Building C object CMakeFiles/cmTC_236ba.dir/CheckSymbolExists.c.o
/usr/bin/cc     -o CMakeFiles/cmTC_236ba.dir/CheckSymbolExists.c.o   -c /home/ros/p1_ws/src/miniproject/build/CMakeFiles/CMakeTmp/CheckSymbolExists.c
Linking C executable cmTC_236ba
/usr/bin/cmake -E cmake_link_script CMakeFiles/cmTC_236ba.dir/link.txt --verbose=1
/usr/bin/cc       CMakeFiles/cmTC_236ba.dir/CheckSymbolExists.c.o  -o cmTC_236ba -rdynamic 
CMakeFiles/cmTC_236ba.dir/CheckSymbolExists.c.o: In function `main':
CheckSymbolExists.c:(.text+0x16): undefined reference to `pthread_create'
collect2: error: ld returned 1 exit status
CMakeFiles/cmTC_236ba.dir/build.make:97: recipe for target 'cmTC_236ba' failed
make[1]: *** [cmTC_236ba] Error 1
make[1]: Leaving directory '/home/ros/p1_ws/src/miniproject/build/CMakeFiles/CMakeTmp'
Makefile:126: recipe for target 'cmTC_236ba/fast' failed
make: *** [cmTC_236ba/fast] Error 2

File /home/ros/p1_ws/src/miniproject/build/CMakeFiles/CMakeTmp/CheckSymbolExists.c:
/* */
#include <pthread.h>

int main(int argc, char** argv)
{
  (void)argv;
#ifndef pthread_create
  return ((int*)(&pthread_create))[argc];
#else
  (void)argc;
  return 0;
#endif
}

Determining if the function pthread_create exists in the pthreads failed with the following output:
Change Dir: /home/ros/p1_ws/src/miniproject/build/CMakeFiles/CMakeTmp

Run Build Command:"/usr/bin/make" "cmTC_d5a76/fast"
/usr/bin/make -f CMakeFiles/cmTC_d5a76.dir/build.make CMakeFiles/cmTC_d5a76.dir/build
make[1]: Entering directory '/home/ros/p1_ws/src/miniproject/build/CMakeFiles/CMakeTmp'
Building C object CMakeFiles/cmTC_d5a76.dir/CheckFunctionExists.c.o
/usr/bin/cc    -DCHECK_FUNCTION_EXISTS=pthread_create   -o CMakeFiles/cmTC_d5a76.dir/CheckFunctionExists.c.o   -c /usr/share/cmake-3.5/Modules/CheckFunctionExists.c
Linking C executable cmTC_d5a76
/usr/bin/cmake -E cmake_link_script CMakeFiles/cmTC_d5a76.dir/link.txt --verbose=1
/usr/bin/cc   -DCHECK_FUNCTION_EXISTS=pthread_create    CMakeFiles/cmTC_d5a76.dir/CheckFunctionExists.c.o  -o cmTC_d5a76 -rdynamic -lpthreads 
/usr/bin/ld: cannot find -lpthreads
collect2: error: ld returned 1 exit status
CMakeFiles/cmTC_d5a76.dir/build.make:97: recipe for target 'cmTC_d5a76' failed
make[1]: *** [cmTC_d5a76] Error 1
make[1]: Leaving directory '/home/ros/p1_ws/src/miniproject/build/CMakeFiles/CMakeTmp'
Makefile:126: recipe for target 'cmTC_d5a76/fast' failed
make: *** [cmTC_d5a76/fast] Error 2


