[36m--[0m Using CATKIN_DEVEL_PREFIX: /home/anton/explore_ws/devel/.private/explore_lite
[36m--[0m Using CMAKE_PREFIX_PATH: /opt/ros/kinetic;/home/anton/explore_ws/devel
[36m--[0m This workspace overlays: /opt/ros/kinetic;/home/anton/explore_ws/devel
[36m--[0m Using PYTHON_EXECUTABLE: /usr/bin/python
[36m--[0m Using Debian Python package layout
[36m--[0m Using empy: /usr/bin/empy
[36m--[0m Using CATKIN_ENABLE_TESTING: ON
[36m--[0m Call enable_testing()
[36m--[0m Using CATKIN_TEST_RESULTS_DIR: /home/anton/explore_ws/build/explore_lite/test_results
[36m--[0m Found gmock sources under '/usr/src/gmock': gmock will be built
[36m--[0m Found gtest sources under '/usr/src/gmock': gtests will be built
[36m--[0m Using Python nosetests: /usr/bin/nosetests-2.7
[36m--[0m catkin 0.7.18
[36m--[0m BUILD_SHARED_LIBS is on
[36m--[0m Using these message generators: gencpp;geneus;genlisp;gennodejs;genpy
[31m[1mCMake Error[0m at /opt/ros/kinetic/share/catkin/cmake/catkin_package_xml.cmake:54 (message):
  catkin_package_xml() package name 'explore_lite' in
  '/home/anton/explore_ws/src/explore/package.xml' does not match current
  PROJECT_NAME 'explore'.  You must call project() with the same package name
  before.
[36mCall Stack (most recent call first):[0m
  /opt/ros/kinetic/share/catkin/cmake/catkin_package.cmake:99 (catkin_package_xml)
  CMakeLists.txt:22 (catkin_package)


[36m--[0m Configuring incomplete, errors occurred!
See also "/home/anton/explore_ws/build/explore_lite/CMakeFiles/CMakeOutput.log".
See also "/home/anton/explore_ws/build/explore_lite/CMakeFiles/CMakeError.log".
Makefile:2037: recipe for target 'cmake_check_build_system' failed
make: *** [cmake_check_build_system] Error 1
