Determining if the pthread_create exist failed with the following output:
Change Dir: /home/anton/explore_ws/build/explore_lite/CMakeFiles/CMakeTmp

Run Build Command:"/usr/bin/make" "cmTC_60c70/fast"
/usr/bin/make -f CMakeFiles/cmTC_60c70.dir/build.make CMakeFiles/cmTC_60c70.dir/build
make[1]: Entering directory '/home/anton/explore_ws/build/explore_lite/CMakeFiles/CMakeTmp'
Building C object CMakeFiles/cmTC_60c70.dir/CheckSymbolExists.c.o
/usr/bin/cc     -o CMakeFiles/cmTC_60c70.dir/CheckSymbolExists.c.o   -c /home/anton/explore_ws/build/explore_lite/CMakeFiles/CMakeTmp/CheckSymbolExists.c
Linking C executable cmTC_60c70
/usr/bin/cmake -E cmake_link_script CMakeFiles/cmTC_60c70.dir/link.txt --verbose=1
/usr/bin/cc       CMakeFiles/cmTC_60c70.dir/CheckSymbolExists.c.o  -o cmTC_60c70 -rdynamic 
CMakeFiles/cmTC_60c70.dir/CheckSymbolExists.c.o: In function `main':
CheckSymbolExists.c:(.text+0x16): undefined reference to `pthread_create'
collect2: error: ld returned 1 exit status
CMakeFiles/cmTC_60c70.dir/build.make:97: recipe for target 'cmTC_60c70' failed
make[1]: *** [cmTC_60c70] Error 1
make[1]: Leaving directory '/home/anton/explore_ws/build/explore_lite/CMakeFiles/CMakeTmp'
Makefile:126: recipe for target 'cmTC_60c70/fast' failed
make: *** [cmTC_60c70/fast] Error 2

File /home/anton/explore_ws/build/explore_lite/CMakeFiles/CMakeTmp/CheckSymbolExists.c:
/* */
#include <pthread.h>

int main(int argc, char** argv)
{
  (void)argv;
#ifndef pthread_create
  return ((int*)(&pthread_create))[argc];
#else
  (void)argc;
  return 0;
#endif
}

Determining if the function pthread_create exists in the pthreads failed with the following output:
Change Dir: /home/anton/explore_ws/build/explore_lite/CMakeFiles/CMakeTmp

Run Build Command:"/usr/bin/make" "cmTC_c8963/fast"
/usr/bin/make -f CMakeFiles/cmTC_c8963.dir/build.make CMakeFiles/cmTC_c8963.dir/build
make[1]: Entering directory '/home/anton/explore_ws/build/explore_lite/CMakeFiles/CMakeTmp'
Building C object CMakeFiles/cmTC_c8963.dir/CheckFunctionExists.c.o
/usr/bin/cc    -DCHECK_FUNCTION_EXISTS=pthread_create   -o CMakeFiles/cmTC_c8963.dir/CheckFunctionExists.c.o   -c /usr/share/cmake-3.5/Modules/CheckFunctionExists.c
Linking C executable cmTC_c8963
/usr/bin/cmake -E cmake_link_script CMakeFiles/cmTC_c8963.dir/link.txt --verbose=1
/usr/bin/cc   -DCHECK_FUNCTION_EXISTS=pthread_create    CMakeFiles/cmTC_c8963.dir/CheckFunctionExists.c.o  -o cmTC_c8963 -rdynamic -lpthreads 
/usr/bin/ld: cannot find -lpthreads
collect2: error: ld returned 1 exit status
CMakeFiles/cmTC_c8963.dir/build.make:97: recipe for target 'cmTC_c8963' failed
make[1]: *** [cmTC_c8963] Error 1
make[1]: Leaving directory '/home/anton/explore_ws/build/explore_lite/CMakeFiles/CMakeTmp'
Makefile:126: recipe for target 'cmTC_c8963/fast' failed
make: *** [cmTC_c8963/fast] Error 2


